<?xml version="1.0" encoding="UTF-8"?>
<robot generator="Robot 7.0 (Python 3.11.2 on win32)" generated="2024-06-07T23:37:18.406285" rpa="false" schemaversion="5">
<suite id="s1" name="Test Booker" source="c:\Iterasys\RobotBooker140\__tests__\api\test_booker.robot">
<kw name="Create Token" owner="common" type="SETUP">
<kw name="Create Dictionary" owner="BuiltIn">
<msg time="2024-06-07T23:37:18.544322" level="INFO">${body} = {'username': 'admin', 'password': 'password123'}</msg>
<var>${body}</var>
<arg>username=admin</arg>
<arg>password=password123</arg>
<doc>Creates and returns a dictionary based on the given ``items``.</doc>
<status status="PASS" start="2024-06-07T23:37:18.544322" elapsed="0.000000"/>
</kw>
<kw name="POST" owner="RequestsLibrary">
<msg time="2024-06-07T23:37:19.212825" level="INFO">POST Request : url=https://restful-booker.herokuapp.com/auth 
 path_url=/auth 
 headers={'User-Agent': 'python-requests/2.32.3', 'Accept-Encoding': 'gzip, deflate', 'Accept': '*/*', 'Connection': 'keep-alive', 'Content-Length': '48', 'Content-Type': 'application/json'} 
 body=b'{"username": "admin", "password": "password123"}' 
 </msg>
<msg time="2024-06-07T23:37:19.212825" level="INFO">POST Response : url=https://restful-booker.herokuapp.com/auth 
 status=200, reason=OK 
 headers={'Server': 'Cowboy', 'Report-To': '{"group":"heroku-nel","max_age":3600,"endpoints":[{"url":"https://nel.heroku.com/reports?ts=1717814238&amp;sid=c46efe9b-d3d2-4a0c-8c76-bfafa16c5add&amp;s=tWGoglq3bGxgpQt8JVY%2FS1F2d98XifCRSBXlS1bP5Q0%3D"}]}', 'Reporting-Endpoints': 'heroku-nel=https://nel.heroku.com/reports?ts=1717814238&amp;sid=c46efe9b-d3d2-4a0c-8c76-bfafa16c5add&amp;s=tWGoglq3bGxgpQt8JVY%2FS1F2d98XifCRSBXlS1bP5Q0%3D', 'Nel': '{"report_to":"heroku-nel","max_age":3600,"success_fraction":0.005,"failure_fraction":0.05,"response_headers":["Via"]}', 'Connection': 'keep-alive', 'X-Powered-By': 'Express', 'Content-Type': 'application/json; charset=utf-8', 'Content-Length': '27', 'Etag': 'W/"1b-8RDVbQP4eK0rnMhvkJQZNwDR0FU"', 'Date': 'Sat, 08 Jun 2024 02:37:18 GMT', 'Via': '1.1 vegur'} 
 body={"token":"182e1f5ce87d4d6"} 
 </msg>
<msg time="2024-06-07T23:37:19.212825" level="INFO">${response} = &lt;Response [200]&gt;</msg>
<var>${response}</var>
<arg>url=${url}/auth</arg>
<arg>json=${body}</arg>
<doc>Sends a POST request.</doc>
<status status="PASS" start="2024-06-07T23:37:18.544322" elapsed="0.668503"/>
</kw>
<kw name="Status Should Be" owner="RequestsLibrary">
<arg>200</arg>
<doc>Fails if response status code is different than the expected.</doc>
<status status="PASS" start="2024-06-07T23:37:19.212825" elapsed="0.000000"/>
</kw>
<kw name="Set Variable" owner="BuiltIn">
<msg time="2024-06-07T23:37:19.212825" level="INFO">${token} = 182e1f5ce87d4d6</msg>
<var>${token}</var>
<arg>${response.json()}[token]</arg>
<doc>Returns the given values which can then be assigned to a variables.</doc>
<status status="PASS" start="2024-06-07T23:37:19.212825" elapsed="0.000000"/>
</kw>
<kw name="Set Suite Variable" owner="BuiltIn">
<msg time="2024-06-07T23:37:19.212825" level="INFO">${token} = 182e1f5ce87d4d6</msg>
<arg>${token}</arg>
<doc>Makes a variable available everywhere within the scope of the current suite.</doc>
<status status="PASS" start="2024-06-07T23:37:19.212825" elapsed="0.000000"/>
</kw>
<kw name="Log To Console" owner="BuiltIn">
<arg>${token}</arg>
<doc>Logs the given message to the console.</doc>
<status status="PASS" start="2024-06-07T23:37:19.212825" elapsed="0.000000"/>
</kw>
<arg>${url}</arg>
<status status="PASS" start="2024-06-07T23:37:18.544322" elapsed="0.668503"/>
</kw>
<test id="s1-t1" name="Create Booking" line="14">
<kw name="Create Dictionary" owner="BuiltIn">
<msg time="2024-06-07T23:37:19.212825" level="INFO">${headers} = {'Content-Type': 'application/json'}</msg>
<var>${headers}</var>
<arg>Content-Type=${content_type}</arg>
<doc>Creates and returns a dictionary based on the given ``items``.</doc>
<status status="PASS" start="2024-06-07T23:37:19.212825" elapsed="0.000000"/>
</kw>
<kw name="Evaluate" owner="BuiltIn">
<msg time="2024-06-07T23:37:19.232340" level="INFO">${body} = {'firstname': 'Bob', 'lastname': 'Marley', 'totalprice': 120, 'depositpaid': False, 'bookingdates': {'checkin': '2024-04-27', 'checkout': '2024-04-27'}, 'additionalneeds': 'Breakfast'}</msg>
<var>${body}</var>
<arg>json.loads(open('./fixtures/json/booking1.json').read())</arg>
<doc>Evaluates the given expression in Python and returns the result.</doc>
<status status="PASS" start="2024-06-07T23:37:19.212825" elapsed="0.019515"/>
</kw>
<kw name="POST" owner="RequestsLibrary">
<msg time="2024-06-07T23:37:19.852745" level="INFO">POST Request : url=https://restful-booker.herokuapp.com/booking 
 path_url=/booking 
 headers={'User-Agent': 'python-requests/2.32.3', 'Accept-Encoding': 'gzip, deflate', 'Accept': '*/*', 'Connection': 'keep-alive', 'Content-Type': 'application/json', 'Content-Length': '184'} 
 body=b'{"firstname": "Bob", "lastname": "Marley", "totalprice": 120, "depositpaid": false, "bookingdates": {"checkin": "2024-04-27", "checkout": "2024-04-27"}, "additionalneeds": "Breakfast"}' 
 </msg>
<msg time="2024-06-07T23:37:19.852745" level="INFO">POST Response : url=https://restful-booker.herokuapp.com/booking 
 status=200, reason=OK 
 headers={'Server': 'Cowboy', 'Report-To': '{"group":"heroku-nel","max_age":3600,"endpoints":[{"url":"https://nel.heroku.com/reports?ts=1717814239&amp;sid=c46efe9b-d3d2-4a0c-8c76-bfafa16c5add&amp;s=j2B4%2BZhejBUaM%2FOjr5lpSVSarVE5z%2Br6e9t1Y%2BQtxUM%3D"}]}', 'Reporting-Endpoints': 'heroku-nel=https://nel.heroku.com/reports?ts=1717814239&amp;sid=c46efe9b-d3d2-4a0c-8c76-bfafa16c5add&amp;s=j2B4%2BZhejBUaM%2FOjr5lpSVSarVE5z%2Br6e9t1Y%2BQtxUM%3D', 'Nel': '{"report_to":"heroku-nel","max_age":3600,"success_fraction":0.005,"failure_fraction":0.05,"response_headers":["Via"]}', 'Connection': 'keep-alive', 'X-Powered-By': 'Express', 'Content-Type': 'application/json; charset=utf-8', 'Content-Length': '199', 'Etag': 'W/"c7-a8Nvo7gKzh5tPXyYp2BsynRsyoI"', 'Date': 'Sat, 08 Jun 2024 02:37:19 GMT', 'Via': '1.1 vegur'} 
 body={"bookingid":2802,"booking":{"firstname":"Bob","lastname":"Marley","totalprice":120,"depositpaid":false,"bookingdates":{"checkin":"2024-04-27","checkout":"2024-04-27"},"additionalneeds":"Breakfast"}} 
 </msg>
<msg time="2024-06-07T23:37:19.852745" level="INFO">${response} = &lt;Response [200]&gt;</msg>
<var>${response}</var>
<arg>url=${url}/booking</arg>
<arg>json=${body}</arg>
<arg>headers=${headers}</arg>
<doc>Sends a POST request.</doc>
<status status="PASS" start="2024-06-07T23:37:19.232340" elapsed="0.620405"/>
</kw>
<kw name="Set Variable" owner="BuiltIn">
<msg time="2024-06-07T23:37:19.855353" level="INFO">${response_body} = {'bookingid': 2802, 'booking': {'firstname': 'Bob', 'lastname': 'Marley', 'totalprice': 120, 'depositpaid': False, 'bookingdates': {'checkin': '2024-04-27', 'checkout': '2024-04-27'}, 'additionalneeds...</msg>
<var>${response_body}</var>
<arg>${response.json()}</arg>
<doc>Returns the given values which can then be assigned to a variables.</doc>
<status status="PASS" start="2024-06-07T23:37:19.852745" elapsed="0.003136"/>
</kw>
<kw name="Log To Console" owner="BuiltIn">
<arg>${response_body}</arg>
<doc>Logs the given message to the console.</doc>
<status status="PASS" start="2024-06-07T23:37:19.855881" elapsed="0.000000"/>
</kw>
<kw name="Status Should Be" owner="RequestsLibrary">
<arg>200</arg>
<doc>Fails if response status code is different than the expected.</doc>
<status status="PASS" start="2024-06-07T23:37:19.855881" elapsed="0.000000"/>
</kw>
<kw name="Should Be Equal" owner="BuiltIn">
<arg>${response_body}[booking][firstname]</arg>
<arg>Bob</arg>
<doc>Fails if the given objects are unequal.</doc>
<status status="PASS" start="2024-06-07T23:37:19.855881" elapsed="0.005006"/>
</kw>
<kw name="Should Be Equal" owner="BuiltIn">
<arg>${response_body}[booking][bookingdates][checkin]</arg>
<arg>2024-04-27</arg>
<doc>Fails if the given objects are unequal.</doc>
<status status="PASS" start="2024-06-07T23:37:19.860887" elapsed="0.000000"/>
</kw>
<status status="PASS" start="2024-06-07T23:37:19.212825" elapsed="0.648062"/>
</test>
<status status="PASS" start="2024-06-07T23:37:18.412272" elapsed="1.451423"/>
</suite>
<statistics>
<total>
<stat pass="1" fail="0" skip="0">All Tests</stat>
</total>
<tag>
</tag>
<suite>
<stat pass="1" fail="0" skip="0" id="s1" name="Test Booker">Test Booker</stat>
</suite>
</statistics>
<errors>
</errors>
</robot>
